0 info it worked if it ends with ok
1 verbose cli [ 'D:\\node\\node.exe',
1 verbose cli   'D:\\node\\node_modules\\npm\\bin\\npm-cli.js',
1 verbose cli   'start' ]
2 info using npm@3.10.10
3 info using node@v6.10.0
4 verbose run-script [ 'prestart', 'start', 'poststart' ]
5 info lifecycle Community@1.0.0~prestart: Community@1.0.0
6 silly lifecycle Community@1.0.0~prestart: no script for prestart, continuing
7 info lifecycle Community@1.0.0~start: Community@1.0.0
8 verbose lifecycle Community@1.0.0~start: unsafe-perm in lifecycle true
9 verbose lifecycle Community@1.0.0~start: PATH: D:\node\node_modules\npm\bin\node-gyp-bin;E:\project\008主营业务或常态项目\社区\react-社区\node_modules\.bin;C:\Windows\system32;C:\Windows;C:\Windows\System32\Wbem;C:\Windows\System32\WindowsPowerShell\v1.0\;D:\file\bin;D:\node\;C:\Users\cxy-29\AppData\Local\Microsoft\WindowsApps;C:\Users\cxy-29\AppData\Roaming\npm;C:\Users\cxy-29\AppData\Local\Programs\Fiddler;D:\file\Microsoft VS Code\bin
10 verbose lifecycle Community@1.0.0~start: CWD: E:\project\008主营业务或常态项目\社区\react-社区
11 silly lifecycle Community@1.0.0~start: Args: [ '/d /s /c', 'npm-run-all --parallel open:src' ]
12 verbose stack Error: kill ENOSYS
12 verbose stack     at exports._errnoException (util.js:1022:11)
12 verbose stack     at process.kill (internal/process.js:172:13)
12 verbose stack     at process.listener (D:\node\node_modules\npm\node_modules\npmlog\node_modules\gauge\node_modules\signal-exit\index.js:86:15)
12 verbose stack     at emitNone (events.js:91:20)
12 verbose stack     at process.emit (events.js:185:7)
12 verbose stack     at processEmit (D:\node\node_modules\npm\node_modules\npmlog\node_modules\gauge\node_modules\signal-exit\index.js:146:32)
12 verbose stack     at processEmit (D:\node\node_modules\npm\node_modules\npm-registry-client\node_modules\npmlog\node_modules\gauge\node_modules\signal-exit\index.js:146:32)
12 verbose stack     at Signal.wrap.onsignal (internal/process.js:199:44)
13 verbose cwd E:\project\008主营业务或常态项目\社区\react-社区
14 error Windows_NT 10.0.14393
15 error argv "D:\\node\\node.exe" "D:\\node\\node_modules\\npm\\bin\\npm-cli.js" "start"
16 error node v6.10.0
17 error npm  v3.10.10
18 error code ENOSYS
19 error errno ENOSYS
20 error syscall kill
21 error kill ENOSYS
22 error If you need help, you may report this error at:
22 error     <https://github.com/npm/npm/issues>
23 verbose exit [ 1, true ]
